<?xml version="1.0" encoding="UTF-8"?>
<testsuite name="com.lsq.realWorldApplication.controller.CsvParserImplTest" tests="1" skipped="0" failures="0" errors="0" timestamp="2020-10-16T21:37:28" hostname="iMac.local" time="0.003">
  <properties/>
  <testcase name="readProperFile()" classname="com.lsq.realWorldApplication.controller.CsvParserImplTest" time="0.003"/>
  <system-out><![CDATA[]]></system-out>
  <system-err><![CDATA[]]></system-err>
</testsuite>
