<?xml version="1.0" encoding="UTF-8"?>
<testsuite name="com.lsq.realWorldApplication.service.InvoiceDigestorTests" tests="4" skipped="0" failures="0" errors="0" timestamp="2020-10-16T21:37:29" hostname="iMac.local" time="0.019">
  <properties/>
  <testcase name="testValidate_happy()" classname="com.lsq.realWorldApplication.service.InvoiceDigestorTests" time="0.008"/>
  <testcase name="testParseLine()" classname="com.lsq.realWorldApplication.service.InvoiceDigestorTests" time="0.004"/>
  <testcase name="testProcess()" classname="com.lsq.realWorldApplication.service.InvoiceDigestorTests" time="0.001"/>
  <testcase name="testValidate_dups()" classname="com.lsq.realWorldApplication.service.InvoiceDigestorTests" time="0.002"/>
  <system-out><![CDATA[[Ljava.lang.String;@a7af4beb, 0, value: [supplier_1]
[Ljava.lang.String;@a7af4beb, 1, value: [CC6F8CE3-37BA-4E9B-B264-2673A0A353BA]
[Ljava.lang.String;@a7af4beb, 2, value: [2020-03-25]
[Ljava.lang.String;@a7af4beb, 3, value: [1818.34]
[Ljava.lang.String;@a7af4beb, 4, value: [90]
[Ljava.lang.String;@a7af4beb, 5, value: [2020-06-23]
[Ljava.lang.String;@a7af4beb, 6, value: [1818.34]
]]></system-out>
  <system-err><![CDATA[]]></system-err>
</testsuite>
