<?xml version="1.0" encoding="UTF-8"?>
<testsuite name="com.lsq.realWorldApplication.repository.InvoiceRepoIntegrationTest" tests="2" skipped="0" failures="0" errors="0" timestamp="2020-10-16T21:37:28" hostname="iMac.local" time="0.113">
  <properties/>
  <testcase name="saveAndRetrieve()" classname="com.lsq.realWorldApplication.repository.InvoiceRepoIntegrationTest" time="0.098"/>
  <testcase name="saveAndFindByInvoiceIdAndSupplierId()" classname="com.lsq.realWorldApplication.repository.InvoiceRepoIntegrationTest" time="0.014"/>
  <system-out><![CDATA[2020-10-16 15:37:27.909  INFO 37656 --- [    Test worker] o.s.t.c.support.AbstractContextLoader    : Could not detect default resource locations for test class [com.lsq.realWorldApplication.repository.InvoiceRepoIntegrationTest]: no resource found for suffixes {-context.xml, Context.groovy}.
2020-10-16 15:37:27.913  INFO 37656 --- [    Test worker] b.t.a.o.j.DataJpaTestContextBootstrapper : Loaded default TestExecutionListener class names from location [META-INF/spring.factories]: [org.springframework.boot.test.autoconfigure.restdocs.RestDocsTestExecutionListener, org.springframework.boot.test.autoconfigure.web.client.MockRestServiceServerResetTestExecutionListener, org.springframework.boot.test.autoconfigure.web.servlet.MockMvcPrintOnlyOnFailureTestExecutionListener, org.springframework.boot.test.autoconfigure.web.servlet.WebDriverTestExecutionListener, org.springframework.boot.test.autoconfigure.webservices.client.MockWebServiceServerTestExecutionListener, org.springframework.boot.test.mock.mockito.MockitoTestExecutionListener, org.springframework.boot.test.mock.mockito.ResetMocksTestExecutionListener, org.springframework.test.context.web.ServletTestExecutionListener, org.springframework.test.context.support.DirtiesContextBeforeModesTestExecutionListener, org.springframework.test.context.support.DependencyInjectionTestExecutionListener, org.springframework.test.context.support.DirtiesContextTestExecutionListener, org.springframework.test.context.transaction.TransactionalTestExecutionListener, org.springframework.test.context.jdbc.SqlScriptsTestExecutionListener, org.springframework.test.context.event.EventPublishingTestExecutionListener]
2020-10-16 15:37:27.914  INFO 37656 --- [    Test worker] b.t.a.o.j.DataJpaTestContextBootstrapper : Using TestExecutionListeners: [org.springframework.test.context.web.ServletTestExecutionListener@cc7019ec, org.springframework.test.context.support.DirtiesContextBeforeModesTestExecutionListener@35c0d458, org.springframework.boot.test.mock.mockito.MockitoTestExecutionListener@b8c7e5ea, org.springframework.boot.test.autoconfigure.SpringBootDependencyInjectionTestExecutionListener@10440ef8, org.springframework.test.context.support.DirtiesContextTestExecutionListener@68e6d458, org.springframework.test.context.transaction.TransactionalTestExecutionListener@c5a0745f, org.springframework.test.context.jdbc.SqlScriptsTestExecutionListener@e4d465c, org.springframework.test.context.event.EventPublishingTestExecutionListener@1284404b, org.springframework.boot.test.autoconfigure.restdocs.RestDocsTestExecutionListener@57f52f17, org.springframework.boot.test.autoconfigure.web.client.MockRestServiceServerResetTestExecutionListener@ec557d5e, org.springframework.boot.test.autoconfigure.web.servlet.MockMvcPrintOnlyOnFailureTestExecutionListener@53aac144, org.springframework.boot.test.autoconfigure.web.servlet.WebDriverTestExecutionListener@5308335c, org.springframework.boot.test.autoconfigure.webservices.client.MockWebServiceServerTestExecutionListener@c80bde73, org.springframework.boot.test.mock.mockito.ResetMocksTestExecutionListener@9f8dabd2]
2020-10-16 15:37:27.916  INFO 37656 --- [    Test worker] j.LocalContainerEntityManagerFactoryBean : Closing JPA EntityManagerFactory for persistence unit 'default'

  .   ____          _            __ _ _
 /\\ / ___'_ __ _ _(_)_ __  __ _ \ \ \ \
( ( )\___ | '_ | '_| | '_ \/ _` | \ \ \ \
 \\/  ___)| |_)| | | | | || (_| |  ) ) ) )
  '  |____| .__|_| |_|_| |_\__, | / / / /
 =========|_|==============|___/=/_/_/_/
 :: Spring Boot ::        (v2.3.4.RELEASE)

2020-10-16 15:37:27.942  INFO 37656 --- [    Test worker] c.l.r.r.InvoiceRepoIntegrationTest       : Starting InvoiceRepoIntegrationTest on iMac.local with PID 37656 (started by lucquitas in /Users/lucquitas/Documents/Development/interviews/boot-docker-fun)
2020-10-16 15:37:27.944  INFO 37656 --- [    Test worker] c.l.r.r.InvoiceRepoIntegrationTest       : No active profile set, falling back to default profiles: default
2020-10-16 15:37:28.029  INFO 37656 --- [    Test worker] .s.d.r.c.RepositoryConfigurationDelegate : Bootstrapping Spring Data JPA repositories in LAZY mode.
2020-10-16 15:37:28.037  INFO 37656 --- [    Test worker] .s.d.r.c.RepositoryConfigurationDelegate : Finished Spring Data repository scanning in 7ms. Found 2 JPA repository interfaces.
2020-10-16 15:37:28.050  INFO 37656 --- [    Test worker] beddedDataSourceBeanFactoryPostProcessor : Replacing 'ds' DataSource bean with embedded version
2020-10-16 15:37:28.098  INFO 37656 --- [    Test worker] o.s.j.d.e.EmbeddedDatabaseFactory        : Starting embedded database: url='jdbc:h2:mem:ba9c15af-7476-415d-8f4d-df783c98384e;DB_CLOSE_DELAY=-1;DB_CLOSE_ON_EXIT=false', username='sa'
2020-10-16 15:37:28.132  INFO 37656 --- [    Test worker] o.hibernate.jpa.internal.util.LogHelper  : HHH000204: Processing PersistenceUnitInfo [name: default]
2020-10-16 15:37:28.137  INFO 37656 --- [    Test worker] org.hibernate.dialect.Dialect            : HHH000400: Using dialect: org.hibernate.dialect.H2Dialect
2020-10-16 15:37:28.200  INFO 37656 --- [    Test worker] o.h.e.t.j.p.i.JtaPlatformInitiator       : HHH000490: Using JtaPlatform implementation: [org.hibernate.engine.transaction.jta.platform.internal.NoJtaPlatform]
2020-10-16 15:37:28.200  INFO 37656 --- [    Test worker] j.LocalContainerEntityManagerFactoryBean : Initialized JPA EntityManagerFactory for persistence unit 'default'
2020-10-16 15:37:28.207  INFO 37656 --- [    Test worker] o.f.c.internal.database.DatabaseFactory  : Database: jdbc:h2:mem:ba9c15af-7476-415d-8f4d-df783c98384e (H2 1.4)
2020-10-16 15:37:28.214  INFO 37656 --- [    Test worker] o.f.core.internal.command.DbValidate     : Successfully validated 1 migration (execution time 00:00.003s)
2020-10-16 15:37:28.224  INFO 37656 --- [    Test worker] o.f.c.i.s.JdbcTableSchemaHistory         : Creating Schema History table "PUBLIC"."flyway_schema_history" with baseline ...
2020-10-16 15:37:28.236  INFO 37656 --- [    Test worker] o.f.core.internal.command.DbBaseline     : Successfully baselined schema with version: 1
2020-10-16 15:37:28.244  INFO 37656 --- [    Test worker] o.f.core.internal.command.DbMigrate      : Current version of schema "PUBLIC": 1
2020-10-16 15:37:28.250  INFO 37656 --- [    Test worker] o.f.core.internal.command.DbMigrate      : Migrating schema "PUBLIC" to version 1.1.0 - Create Invoice Table
2020-10-16 15:37:28.272  INFO 37656 --- [    Test worker] o.f.core.internal.command.DbMigrate      : Successfully applied 1 migration to schema "PUBLIC" (execution time 00:00.034s)
2020-10-16 15:37:28.325  INFO 37656 --- [    Test worker] c.l.r.r.InvoiceRepoIntegrationTest       : Started InvoiceRepoIntegrationTest in 0.403 seconds (JVM running for 5.834)
2020-10-16 15:37:28.334  INFO 37656 --- [    Test worker] o.s.t.c.transaction.TransactionContext   : Began transaction (1) for test context [DefaultTestContext@11af7214 testClass = InvoiceRepoIntegrationTest, testInstance = com.lsq.realWorldApplication.repository.InvoiceRepoIntegrationTest@4743b7cd, testMethod = saveAndRetrieve@InvoiceRepoIntegrationTest, testException = [null], mergedContextConfiguration = [MergedContextConfiguration@178772f7 testClass = InvoiceRepoIntegrationTest, locations = '{}', classes = '{class com.lsq.realWorldApplication.repository.InvoiceRepoIntegrationTestConfig, class org.springframework.boot.autoconfigure.flyway.FlywayAutoConfiguration$FlywayConfiguration}', contextInitializerClasses = '[]', activeProfiles = '{}', propertySourceLocations = '{}', propertySourceProperties = '{org.springframework.boot.test.autoconfigure.orm.jpa.DataJpaTestContextBootstrapper=true}', contextCustomizers = set[org.springframework.boot.test.autoconfigure.OverrideAutoConfigurationContextCustomizerFactory$DisableAutoConfigurationContextCustomizer@f10012c9, org.springframework.boot.test.autoconfigure.filter.TypeExcludeFiltersContextCustomizer@351584c0, org.springframework.boot.test.autoconfigure.properties.PropertyMappingContextCustomizer@692eea5b, org.springframework.boot.test.autoconfigure.web.servlet.WebDriverContextCustomizerFactory$Customizer@c7886bd9, [ImportsContextCustomizer@2e77fa81 key = [org.springframework.boot.autoconfigure.cache.CacheAutoConfiguration, org.springframework.boot.autoconfigure.data.jpa.JpaRepositoriesAutoConfiguration, org.springframework.boot.autoconfigure.flyway.FlywayAutoConfiguration, org.springframework.boot.autoconfigure.jdbc.DataSourceAutoConfiguration, org.springframework.boot.autoconfigure.jdbc.DataSourceTransactionManagerAutoConfiguration, org.springframework.boot.autoconfigure.jdbc.JdbcTemplateAutoConfiguration, org.springframework.boot.autoconfigure.liquibase.LiquibaseAutoConfiguration, org.springframework.boot.autoconfigure.orm.jpa.HibernateJpaAutoConfiguration, org.springframework.boot.autoconfigure.transaction.TransactionAutoConfiguration, org.springframework.boot.test.autoconfigure.jdbc.TestDatabaseAutoConfiguration, org.springframework.boot.test.autoconfigure.orm.jpa.TestEntityManagerAutoConfiguration]], org.springframework.boot.test.context.filter.ExcludeFilterContextCustomizer@41ced620, org.springframework.boot.test.json.DuplicateJsonObjectContextCustomizerFactory$DuplicateJsonObjectContextCustomizer@24384587, org.springframework.boot.test.mock.mockito.MockitoContextCustomizer@0, org.springframework.boot.test.context.SpringBootTestArgs@1], contextLoader = 'org.springframework.boot.test.context.SpringBootContextLoader', parent = [null]], attributes = map[[empty]]]; transaction manager [org.springframework.orm.jpa.JpaTransactionManager@d35abb53]; rollback [true]
Hibernate: select invoice0_.id as id1_0_0_, invoice0_.amount as amount2_0_0_, invoice0_.invoice_date as invoice_3_0_0_, invoice0_.invoice_id as invoice_4_0_0_, invoice0_.payment_amount as payment_5_0_0_, invoice0_.payment_date as payment_6_0_0_, invoice0_.status as status7_0_0_, invoice0_.supplier_id as supplier8_0_0_, invoice0_.terms as terms9_0_0_ from invoice invoice0_ where invoice0_.id=?
Hibernate: insert into invoice (amount, invoice_date, invoice_id, payment_amount, payment_date, status, supplier_id, terms, id) values (?, ?, ?, ?, ?, ?, ?, ?, ?)
Hibernate: select invoice0_.id as id1_0_, invoice0_.amount as amount2_0_, invoice0_.invoice_date as invoice_3_0_, invoice0_.invoice_id as invoice_4_0_, invoice0_.payment_amount as payment_5_0_, invoice0_.payment_date as payment_6_0_, invoice0_.status as status7_0_, invoice0_.supplier_id as supplier8_0_, invoice0_.terms as terms9_0_ from invoice invoice0_
2020-10-16 15:37:28.429  INFO 37656 --- [    Test worker] o.s.t.c.transaction.TransactionContext   : Rolled back transaction for test: [DefaultTestContext@11af7214 testClass = InvoiceRepoIntegrationTest, testInstance = com.lsq.realWorldApplication.repository.InvoiceRepoIntegrationTest@4743b7cd, testMethod = saveAndRetrieve@InvoiceRepoIntegrationTest, testException = [null], mergedContextConfiguration = [MergedContextConfiguration@178772f7 testClass = InvoiceRepoIntegrationTest, locations = '{}', classes = '{class com.lsq.realWorldApplication.repository.InvoiceRepoIntegrationTestConfig, class org.springframework.boot.autoconfigure.flyway.FlywayAutoConfiguration$FlywayConfiguration}', contextInitializerClasses = '[]', activeProfiles = '{}', propertySourceLocations = '{}', propertySourceProperties = '{org.springframework.boot.test.autoconfigure.orm.jpa.DataJpaTestContextBootstrapper=true}', contextCustomizers = set[org.springframework.boot.test.autoconfigure.OverrideAutoConfigurationContextCustomizerFactory$DisableAutoConfigurationContextCustomizer@f10012c9, org.springframework.boot.test.autoconfigure.filter.TypeExcludeFiltersContextCustomizer@351584c0, org.springframework.boot.test.autoconfigure.properties.PropertyMappingContextCustomizer@692eea5b, org.springframework.boot.test.autoconfigure.web.servlet.WebDriverContextCustomizerFactory$Customizer@c7886bd9, [ImportsContextCustomizer@2e77fa81 key = [org.springframework.boot.autoconfigure.cache.CacheAutoConfiguration, org.springframework.boot.autoconfigure.data.jpa.JpaRepositoriesAutoConfiguration, org.springframework.boot.autoconfigure.flyway.FlywayAutoConfiguration, org.springframework.boot.autoconfigure.jdbc.DataSourceAutoConfiguration, org.springframework.boot.autoconfigure.jdbc.DataSourceTransactionManagerAutoConfiguration, org.springframework.boot.autoconfigure.jdbc.JdbcTemplateAutoConfiguration, org.springframework.boot.autoconfigure.liquibase.LiquibaseAutoConfiguration, org.springframework.boot.autoconfigure.orm.jpa.HibernateJpaAutoConfiguration, org.springframework.boot.autoconfigure.transaction.TransactionAutoConfiguration, org.springframework.boot.test.autoconfigure.jdbc.TestDatabaseAutoConfiguration, org.springframework.boot.test.autoconfigure.orm.jpa.TestEntityManagerAutoConfiguration]], org.springframework.boot.test.context.filter.ExcludeFilterContextCustomizer@41ced620, org.springframework.boot.test.json.DuplicateJsonObjectContextCustomizerFactory$DuplicateJsonObjectContextCustomizer@24384587, org.springframework.boot.test.mock.mockito.MockitoContextCustomizer@0, org.springframework.boot.test.context.SpringBootTestArgs@1], contextLoader = 'org.springframework.boot.test.context.SpringBootContextLoader', parent = [null]], attributes = map[[empty]]]
2020-10-16 15:37:28.433  INFO 37656 --- [    Test worker] o.s.t.c.transaction.TransactionContext   : Began transaction (1) for test context [DefaultTestContext@11af7214 testClass = InvoiceRepoIntegrationTest, testInstance = com.lsq.realWorldApplication.repository.InvoiceRepoIntegrationTest@75dbc322, testMethod = saveAndFindByInvoiceIdAndSupplierId@InvoiceRepoIntegrationTest, testException = [null], mergedContextConfiguration = [MergedContextConfiguration@178772f7 testClass = InvoiceRepoIntegrationTest, locations = '{}', classes = '{class com.lsq.realWorldApplication.repository.InvoiceRepoIntegrationTestConfig, class org.springframework.boot.autoconfigure.flyway.FlywayAutoConfiguration$FlywayConfiguration}', contextInitializerClasses = '[]', activeProfiles = '{}', propertySourceLocations = '{}', propertySourceProperties = '{org.springframework.boot.test.autoconfigure.orm.jpa.DataJpaTestContextBootstrapper=true}', contextCustomizers = set[org.springframework.boot.test.autoconfigure.OverrideAutoConfigurationContextCustomizerFactory$DisableAutoConfigurationContextCustomizer@f10012c9, org.springframework.boot.test.autoconfigure.filter.TypeExcludeFiltersContextCustomizer@351584c0, org.springframework.boot.test.autoconfigure.properties.PropertyMappingContextCustomizer@692eea5b, org.springframework.boot.test.autoconfigure.web.servlet.WebDriverContextCustomizerFactory$Customizer@c7886bd9, [ImportsContextCustomizer@2e77fa81 key = [org.springframework.boot.autoconfigure.cache.CacheAutoConfiguration, org.springframework.boot.autoconfigure.data.jpa.JpaRepositoriesAutoConfiguration, org.springframework.boot.autoconfigure.flyway.FlywayAutoConfiguration, org.springframework.boot.autoconfigure.jdbc.DataSourceAutoConfiguration, org.springframework.boot.autoconfigure.jdbc.DataSourceTransactionManagerAutoConfiguration, org.springframework.boot.autoconfigure.jdbc.JdbcTemplateAutoConfiguration, org.springframework.boot.autoconfigure.liquibase.LiquibaseAutoConfiguration, org.springframework.boot.autoconfigure.orm.jpa.HibernateJpaAutoConfiguration, org.springframework.boot.autoconfigure.transaction.TransactionAutoConfiguration, org.springframework.boot.test.autoconfigure.jdbc.TestDatabaseAutoConfiguration, org.springframework.boot.test.autoconfigure.orm.jpa.TestEntityManagerAutoConfiguration]], org.springframework.boot.test.context.filter.ExcludeFilterContextCustomizer@41ced620, org.springframework.boot.test.json.DuplicateJsonObjectContextCustomizerFactory$DuplicateJsonObjectContextCustomizer@24384587, org.springframework.boot.test.mock.mockito.MockitoContextCustomizer@0, org.springframework.boot.test.context.SpringBootTestArgs@1], contextLoader = 'org.springframework.boot.test.context.SpringBootContextLoader', parent = [null]], attributes = map[[empty]]]; transaction manager [org.springframework.orm.jpa.JpaTransactionManager@d35abb53]; rollback [true]
Hibernate: select invoice0_.id as id1_0_0_, invoice0_.amount as amount2_0_0_, invoice0_.invoice_date as invoice_3_0_0_, invoice0_.invoice_id as invoice_4_0_0_, invoice0_.payment_amount as payment_5_0_0_, invoice0_.payment_date as payment_6_0_0_, invoice0_.status as status7_0_0_, invoice0_.supplier_id as supplier8_0_0_, invoice0_.terms as terms9_0_0_ from invoice invoice0_ where invoice0_.id=?
Hibernate: insert into invoice (amount, invoice_date, invoice_id, payment_amount, payment_date, status, supplier_id, terms, id) values (?, ?, ?, ?, ?, ?, ?, ?, ?)
Hibernate: select invoice0_.id as id1_0_, invoice0_.amount as amount2_0_, invoice0_.invoice_date as invoice_3_0_, invoice0_.invoice_id as invoice_4_0_, invoice0_.payment_amount as payment_5_0_, invoice0_.payment_date as payment_6_0_, invoice0_.status as status7_0_, invoice0_.supplier_id as supplier8_0_, invoice0_.terms as terms9_0_ from invoice invoice0_ where invoice0_.invoice_id=? and invoice0_.supplier_id=?
Hibernate: select invoice0_.id as id1_0_, invoice0_.amount as amount2_0_, invoice0_.invoice_date as invoice_3_0_, invoice0_.invoice_id as invoice_4_0_, invoice0_.payment_amount as payment_5_0_, invoice0_.payment_date as payment_6_0_, invoice0_.status as status7_0_, invoice0_.supplier_id as supplier8_0_, invoice0_.terms as terms9_0_ from invoice invoice0_
2020-10-16 15:37:28.444  INFO 37656 --- [    Test worker] o.s.t.c.transaction.TransactionContext   : Rolled back transaction for test: [DefaultTestContext@11af7214 testClass = InvoiceRepoIntegrationTest, testInstance = com.lsq.realWorldApplication.repository.InvoiceRepoIntegrationTest@75dbc322, testMethod = saveAndFindByInvoiceIdAndSupplierId@InvoiceRepoIntegrationTest, testException = [null], mergedContextConfiguration = [MergedContextConfiguration@178772f7 testClass = InvoiceRepoIntegrationTest, locations = '{}', classes = '{class com.lsq.realWorldApplication.repository.InvoiceRepoIntegrationTestConfig, class org.springframework.boot.autoconfigure.flyway.FlywayAutoConfiguration$FlywayConfiguration}', contextInitializerClasses = '[]', activeProfiles = '{}', propertySourceLocations = '{}', propertySourceProperties = '{org.springframework.boot.test.autoconfigure.orm.jpa.DataJpaTestContextBootstrapper=true}', contextCustomizers = set[org.springframework.boot.test.autoconfigure.OverrideAutoConfigurationContextCustomizerFactory$DisableAutoConfigurationContextCustomizer@f10012c9, org.springframework.boot.test.autoconfigure.filter.TypeExcludeFiltersContextCustomizer@351584c0, org.springframework.boot.test.autoconfigure.properties.PropertyMappingContextCustomizer@692eea5b, org.springframework.boot.test.autoconfigure.web.servlet.WebDriverContextCustomizerFactory$Customizer@c7886bd9, [ImportsContextCustomizer@2e77fa81 key = [org.springframework.boot.autoconfigure.cache.CacheAutoConfiguration, org.springframework.boot.autoconfigure.data.jpa.JpaRepositoriesAutoConfiguration, org.springframework.boot.autoconfigure.flyway.FlywayAutoConfiguration, org.springframework.boot.autoconfigure.jdbc.DataSourceAutoConfiguration, org.springframework.boot.autoconfigure.jdbc.DataSourceTransactionManagerAutoConfiguration, org.springframework.boot.autoconfigure.jdbc.JdbcTemplateAutoConfiguration, org.springframework.boot.autoconfigure.liquibase.LiquibaseAutoConfiguration, org.springframework.boot.autoconfigure.orm.jpa.HibernateJpaAutoConfiguration, org.springframework.boot.autoconfigure.transaction.TransactionAutoConfiguration, org.springframework.boot.test.autoconfigure.jdbc.TestDatabaseAutoConfiguration, org.springframework.boot.test.autoconfigure.orm.jpa.TestEntityManagerAutoConfiguration]], org.springframework.boot.test.context.filter.ExcludeFilterContextCustomizer@41ced620, org.springframework.boot.test.json.DuplicateJsonObjectContextCustomizerFactory$DuplicateJsonObjectContextCustomizer@24384587, org.springframework.boot.test.mock.mockito.MockitoContextCustomizer@0, org.springframework.boot.test.context.SpringBootTestArgs@1], contextLoader = 'org.springframework.boot.test.context.SpringBootContextLoader', parent = [null]], attributes = map[[empty]]]
]]></system-out>
  <system-err><![CDATA[]]></system-err>
</testsuite>
