<?xml version="1.0" encoding="UTF-8"?>
<testsuite name="com.lsq.realWorldApplication.repository.InvoiceOldRepoImplIntegrationTest" tests="2" skipped="0" failures="0" errors="0" timestamp="2020-10-16T21:37:27" hostname="iMac.local" time="0.578">
  <properties/>
  <testcase name="saveInvoice()" classname="com.lsq.realWorldApplication.repository.InvoiceOldRepoImplIntegrationTest" time="0.571"/>
  <testcase name="loadInvoice()" classname="com.lsq.realWorldApplication.repository.InvoiceOldRepoImplIntegrationTest" time="0.005"/>
  <system-out><![CDATA[15:37:23.813 [Test worker] DEBUG org.springframework.test.context.BootstrapUtils - Instantiating CacheAwareContextLoaderDelegate from class [org.springframework.test.context.cache.DefaultCacheAwareContextLoaderDelegate]
15:37:23.825 [Test worker] DEBUG org.springframework.test.context.BootstrapUtils - Instantiating BootstrapContext using constructor [public org.springframework.test.context.support.DefaultBootstrapContext(java.lang.Class,org.springframework.test.context.CacheAwareContextLoaderDelegate)]
15:37:23.860 [Test worker] DEBUG org.springframework.test.context.BootstrapUtils - Instantiating TestContextBootstrapper for test class [com.lsq.realWorldApplication.repository.InvoiceOldRepoImplIntegrationTest] from class [org.springframework.boot.test.autoconfigure.orm.jpa.DataJpaTestContextBootstrapper]
15:37:23.881 [Test worker] DEBUG org.springframework.test.context.support.AbstractContextLoader - Did not detect default resource location for test class [com.lsq.realWorldApplication.repository.InvoiceOldRepoImplIntegrationTest]: class path resource [com/lsq/realWorldApplication/repository/InvoiceOldRepoImplIntegrationTest-context.xml] does not exist
15:37:23.882 [Test worker] DEBUG org.springframework.test.context.support.AbstractContextLoader - Did not detect default resource location for test class [com.lsq.realWorldApplication.repository.InvoiceOldRepoImplIntegrationTest]: class path resource [com/lsq/realWorldApplication/repository/InvoiceOldRepoImplIntegrationTestContext.groovy] does not exist
15:37:23.883 [Test worker] INFO org.springframework.test.context.support.AbstractContextLoader - Could not detect default resource locations for test class [com.lsq.realWorldApplication.repository.InvoiceOldRepoImplIntegrationTest]: no resource found for suffixes {-context.xml, Context.groovy}.
15:37:23.931 [Test worker] DEBUG org.springframework.test.context.support.ActiveProfilesUtils - Could not find an 'annotation declaring class' for annotation type [org.springframework.test.context.ActiveProfiles] and class [com.lsq.realWorldApplication.repository.InvoiceOldRepoImplIntegrationTest]
15:37:23.938 [Test worker] DEBUG org.springframework.boot.test.autoconfigure.orm.jpa.DataJpaTestContextBootstrapper - @TestExecutionListeners is not present for class [com.lsq.realWorldApplication.repository.InvoiceOldRepoImplIntegrationTest]: using defaults.
15:37:23.941 [Test worker] INFO org.springframework.boot.test.autoconfigure.orm.jpa.DataJpaTestContextBootstrapper - Loaded default TestExecutionListener class names from location [META-INF/spring.factories]: [org.springframework.boot.test.autoconfigure.restdocs.RestDocsTestExecutionListener, org.springframework.boot.test.autoconfigure.web.client.MockRestServiceServerResetTestExecutionListener, org.springframework.boot.test.autoconfigure.web.servlet.MockMvcPrintOnlyOnFailureTestExecutionListener, org.springframework.boot.test.autoconfigure.web.servlet.WebDriverTestExecutionListener, org.springframework.boot.test.autoconfigure.webservices.client.MockWebServiceServerTestExecutionListener, org.springframework.boot.test.mock.mockito.MockitoTestExecutionListener, org.springframework.boot.test.mock.mockito.ResetMocksTestExecutionListener, org.springframework.test.context.web.ServletTestExecutionListener, org.springframework.test.context.support.DirtiesContextBeforeModesTestExecutionListener, org.springframework.test.context.support.DependencyInjectionTestExecutionListener, org.springframework.test.context.support.DirtiesContextTestExecutionListener, org.springframework.test.context.transaction.TransactionalTestExecutionListener, org.springframework.test.context.jdbc.SqlScriptsTestExecutionListener, org.springframework.test.context.event.EventPublishingTestExecutionListener]
15:37:23.962 [Test worker] INFO org.springframework.boot.test.autoconfigure.orm.jpa.DataJpaTestContextBootstrapper - Using TestExecutionListeners: [org.springframework.test.context.web.ServletTestExecutionListener@4c7f451f, org.springframework.test.context.support.DirtiesContextBeforeModesTestExecutionListener@a4bbe4d1, org.springframework.boot.test.mock.mockito.MockitoTestExecutionListener@73694ceb, org.springframework.boot.test.autoconfigure.SpringBootDependencyInjectionTestExecutionListener@773a3ecb, org.springframework.test.context.support.DirtiesContextTestExecutionListener@258c807d, org.springframework.test.context.transaction.TransactionalTestExecutionListener@db391b44, org.springframework.test.context.jdbc.SqlScriptsTestExecutionListener@b967f821, org.springframework.test.context.event.EventPublishingTestExecutionListener@48f92ea1, org.springframework.boot.test.autoconfigure.restdocs.RestDocsTestExecutionListener@b9db45e5, org.springframework.boot.test.autoconfigure.web.client.MockRestServiceServerResetTestExecutionListener@7555f4a7, org.springframework.boot.test.autoconfigure.web.servlet.MockMvcPrintOnlyOnFailureTestExecutionListener@1c6009f4, org.springframework.boot.test.autoconfigure.web.servlet.WebDriverTestExecutionListener@5f11d25b, org.springframework.boot.test.autoconfigure.webservices.client.MockWebServiceServerTestExecutionListener@cdea3515, org.springframework.boot.test.mock.mockito.ResetMocksTestExecutionListener@e493f709]
15:37:23.967 [Test worker] DEBUG org.springframework.test.context.support.AbstractDirtiesContextTestExecutionListener - Before test class: context [DefaultTestContext@235c11a4 testClass = InvoiceOldRepoImplIntegrationTest, testInstance = [null], testMethod = [null], testException = [null], mergedContextConfiguration = [MergedContextConfiguration@e55bfed2 testClass = InvoiceOldRepoImplIntegrationTest, locations = '{}', classes = '{class com.lsq.realWorldApplication.repository.InvoiceRepoIntegrationTestConfig, class org.springframework.boot.autoconfigure.flyway.FlywayAutoConfiguration$FlywayConfiguration}', contextInitializerClasses = '[]', activeProfiles = '{}', propertySourceLocations = '{}', propertySourceProperties = '{org.springframework.boot.test.autoconfigure.orm.jpa.DataJpaTestContextBootstrapper=true}', contextCustomizers = set[org.springframework.boot.test.autoconfigure.OverrideAutoConfigurationContextCustomizerFactory$DisableAutoConfigurationContextCustomizer@f10012c9, org.springframework.boot.test.autoconfigure.filter.TypeExcludeFiltersContextCustomizer@351584c0, org.springframework.boot.test.autoconfigure.properties.PropertyMappingContextCustomizer@692eea5b, org.springframework.boot.test.autoconfigure.web.servlet.WebDriverContextCustomizerFactory$Customizer@c7886bd9, [ImportsContextCustomizer@4da9f0ba key = [org.springframework.boot.autoconfigure.cache.CacheAutoConfiguration, org.springframework.boot.autoconfigure.data.jpa.JpaRepositoriesAutoConfiguration, org.springframework.boot.autoconfigure.flyway.FlywayAutoConfiguration, org.springframework.boot.autoconfigure.jdbc.DataSourceAutoConfiguration, org.springframework.boot.autoconfigure.jdbc.DataSourceTransactionManagerAutoConfiguration, org.springframework.boot.autoconfigure.jdbc.JdbcTemplateAutoConfiguration, org.springframework.boot.autoconfigure.liquibase.LiquibaseAutoConfiguration, org.springframework.boot.autoconfigure.orm.jpa.HibernateJpaAutoConfiguration, org.springframework.boot.autoconfigure.transaction.TransactionAutoConfiguration, org.springframework.boot.test.autoconfigure.jdbc.TestDatabaseAutoConfiguration, org.springframework.boot.test.autoconfigure.orm.jpa.TestEntityManagerAutoConfiguration]], org.springframework.boot.test.context.filter.ExcludeFilterContextCustomizer@41ced620, org.springframework.boot.test.json.DuplicateJsonObjectContextCustomizerFactory$DuplicateJsonObjectContextCustomizer@24384587, org.springframework.boot.test.mock.mockito.MockitoContextCustomizer@0, org.springframework.boot.test.context.SpringBootTestArgs@1], contextLoader = 'org.springframework.boot.test.context.SpringBootContextLoader', parent = [null]], attributes = map[[empty]]], class annotated with @DirtiesContext [true] with mode [BEFORE_CLASS].
15:37:23.989 [Test worker] DEBUG org.springframework.test.context.support.DependencyInjectionTestExecutionListener - Performing dependency injection for test context [[DefaultTestContext@235c11a4 testClass = InvoiceOldRepoImplIntegrationTest, testInstance = com.lsq.realWorldApplication.repository.InvoiceOldRepoImplIntegrationTest@275c5d36, testMethod = [null], testException = [null], mergedContextConfiguration = [MergedContextConfiguration@e55bfed2 testClass = InvoiceOldRepoImplIntegrationTest, locations = '{}', classes = '{class com.lsq.realWorldApplication.repository.InvoiceRepoIntegrationTestConfig, class org.springframework.boot.autoconfigure.flyway.FlywayAutoConfiguration$FlywayConfiguration}', contextInitializerClasses = '[]', activeProfiles = '{}', propertySourceLocations = '{}', propertySourceProperties = '{org.springframework.boot.test.autoconfigure.orm.jpa.DataJpaTestContextBootstrapper=true}', contextCustomizers = set[org.springframework.boot.test.autoconfigure.OverrideAutoConfigurationContextCustomizerFactory$DisableAutoConfigurationContextCustomizer@f10012c9, org.springframework.boot.test.autoconfigure.filter.TypeExcludeFiltersContextCustomizer@351584c0, org.springframework.boot.test.autoconfigure.properties.PropertyMappingContextCustomizer@692eea5b, org.springframework.boot.test.autoconfigure.web.servlet.WebDriverContextCustomizerFactory$Customizer@c7886bd9, [ImportsContextCustomizer@4da9f0ba key = [org.springframework.boot.autoconfigure.cache.CacheAutoConfiguration, org.springframework.boot.autoconfigure.data.jpa.JpaRepositoriesAutoConfiguration, org.springframework.boot.autoconfigure.flyway.FlywayAutoConfiguration, org.springframework.boot.autoconfigure.jdbc.DataSourceAutoConfiguration, org.springframework.boot.autoconfigure.jdbc.DataSourceTransactionManagerAutoConfiguration, org.springframework.boot.autoconfigure.jdbc.JdbcTemplateAutoConfiguration, org.springframework.boot.autoconfigure.liquibase.LiquibaseAutoConfiguration, org.springframework.boot.autoconfigure.orm.jpa.HibernateJpaAutoConfiguration, org.springframework.boot.autoconfigure.transaction.TransactionAutoConfiguration, org.springframework.boot.test.autoconfigure.jdbc.TestDatabaseAutoConfiguration, org.springframework.boot.test.autoconfigure.orm.jpa.TestEntityManagerAutoConfiguration]], org.springframework.boot.test.context.filter.ExcludeFilterContextCustomizer@41ced620, org.springframework.boot.test.json.DuplicateJsonObjectContextCustomizerFactory$DuplicateJsonObjectContextCustomizer@24384587, org.springframework.boot.test.mock.mockito.MockitoContextCustomizer@0, org.springframework.boot.test.context.SpringBootTestArgs@1], contextLoader = 'org.springframework.boot.test.context.SpringBootContextLoader', parent = [null]], attributes = map['org.springframework.test.context.support.DependencyInjectionTestExecutionListener.reinjectDependencies' -> true]]].
15:37:24.013 [Test worker] DEBUG org.springframework.test.context.support.TestPropertySourceUtils - Adding inlined properties to environment: {spring.jmx.enabled=false, org.springframework.boot.test.autoconfigure.orm.jpa.DataJpaTestContextBootstrapper=true}

  .   ____          _            __ _ _
 /\\ / ___'_ __ _ _(_)_ __  __ _ \ \ \ \
( ( )\___ | '_ | '_| | '_ \/ _` | \ \ \ \
 \\/  ___)| |_)| | | | | || (_| |  ) ) ) )
  '  |____| .__|_| |_|_| |_\__, | / / / /
 =========|_|==============|___/=/_/_/_/
 :: Spring Boot ::        (v2.3.4.RELEASE)

2020-10-16 15:37:24.509  INFO 37656 --- [    Test worker] .l.r.r.InvoiceOldRepoImplIntegrationTest : Starting InvoiceOldRepoImplIntegrationTest on iMac.local with PID 37656 (started by lucquitas in /Users/lucquitas/Documents/Development/interviews/boot-docker-fun)
2020-10-16 15:37:24.519  INFO 37656 --- [    Test worker] .l.r.r.InvoiceOldRepoImplIntegrationTest : No active profile set, falling back to default profiles: default
2020-10-16 15:37:25.158  INFO 37656 --- [    Test worker] .s.d.r.c.RepositoryConfigurationDelegate : Bootstrapping Spring Data JPA repositories in LAZY mode.
2020-10-16 15:37:25.230  INFO 37656 --- [    Test worker] .s.d.r.c.RepositoryConfigurationDelegate : Finished Spring Data repository scanning in 63ms. Found 2 JPA repository interfaces.
2020-10-16 15:37:25.292  INFO 37656 --- [    Test worker] beddedDataSourceBeanFactoryPostProcessor : Replacing 'ds' DataSource bean with embedded version
2020-10-16 15:37:25.773  INFO 37656 --- [    Test worker] o.s.j.d.e.EmbeddedDatabaseFactory        : Starting embedded database: url='jdbc:h2:mem:a7dcb8cc-63c5-4f40-928f-26af05522df0;DB_CLOSE_DELAY=-1;DB_CLOSE_ON_EXIT=false', username='sa'
2020-10-16 15:37:26.184  INFO 37656 --- [    Test worker] o.hibernate.jpa.internal.util.LogHelper  : HHH000204: Processing PersistenceUnitInfo [name: default]
2020-10-16 15:37:26.228  INFO 37656 --- [    Test worker] org.hibernate.Version                    : HHH000412: Hibernate ORM core version 5.4.21.Final
2020-10-16 15:37:26.352  INFO 37656 --- [    Test worker] o.hibernate.annotations.common.Version   : HCANN000001: Hibernate Commons Annotations {5.1.0.Final}
2020-10-16 15:37:26.479  INFO 37656 --- [    Test worker] org.hibernate.dialect.Dialect            : HHH000400: Using dialect: org.hibernate.dialect.H2Dialect
2020-10-16 15:37:27.040  INFO 37656 --- [    Test worker] o.h.e.t.j.p.i.JtaPlatformInitiator       : HHH000490: Using JtaPlatform implementation: [org.hibernate.engine.transaction.jta.platform.internal.NoJtaPlatform]
2020-10-16 15:37:27.049  INFO 37656 --- [    Test worker] j.LocalContainerEntityManagerFactoryBean : Initialized JPA EntityManagerFactory for persistence unit 'default'
2020-10-16 15:37:27.070  INFO 37656 --- [    Test worker] o.f.c.internal.license.VersionPrinter    : Flyway Community Edition 6.4.4 by Redgate
2020-10-16 15:37:27.087  INFO 37656 --- [    Test worker] o.f.c.internal.database.DatabaseFactory  : Database: jdbc:h2:mem:a7dcb8cc-63c5-4f40-928f-26af05522df0 (H2 1.4)
2020-10-16 15:37:27.129  INFO 37656 --- [    Test worker] o.f.core.internal.command.DbValidate     : Successfully validated 1 migration (execution time 00:00.022s)
2020-10-16 15:37:27.148  INFO 37656 --- [    Test worker] o.f.c.i.s.JdbcTableSchemaHistory         : Creating Schema History table "PUBLIC"."flyway_schema_history" with baseline ...
2020-10-16 15:37:27.179  INFO 37656 --- [    Test worker] o.f.core.internal.command.DbBaseline     : Successfully baselined schema with version: 1
2020-10-16 15:37:27.192  INFO 37656 --- [    Test worker] o.f.core.internal.command.DbMigrate      : Current version of schema "PUBLIC": 1
2020-10-16 15:37:27.198  INFO 37656 --- [    Test worker] o.f.core.internal.command.DbMigrate      : Migrating schema "PUBLIC" to version 1.1.0 - Create Invoice Table
2020-10-16 15:37:27.218  INFO 37656 --- [    Test worker] o.f.core.internal.command.DbMigrate      : Successfully applied 1 migration to schema "PUBLIC" (execution time 00:00.036s)
2020-10-16 15:37:27.315  INFO 37656 --- [    Test worker] .l.r.r.InvoiceOldRepoImplIntegrationTest : Started InvoiceOldRepoImplIntegrationTest in 3.297 seconds (JVM running for 4.824)
2020-10-16 15:37:27.377  INFO 37656 --- [    Test worker] o.s.t.c.transaction.TransactionContext   : Began transaction (1) for test context [DefaultTestContext@235c11a4 testClass = InvoiceOldRepoImplIntegrationTest, testInstance = com.lsq.realWorldApplication.repository.InvoiceOldRepoImplIntegrationTest@275c5d36, testMethod = saveInvoice@InvoiceOldRepoImplIntegrationTest, testException = [null], mergedContextConfiguration = [MergedContextConfiguration@e55bfed2 testClass = InvoiceOldRepoImplIntegrationTest, locations = '{}', classes = '{class com.lsq.realWorldApplication.repository.InvoiceRepoIntegrationTestConfig, class org.springframework.boot.autoconfigure.flyway.FlywayAutoConfiguration$FlywayConfiguration}', contextInitializerClasses = '[]', activeProfiles = '{}', propertySourceLocations = '{}', propertySourceProperties = '{org.springframework.boot.test.autoconfigure.orm.jpa.DataJpaTestContextBootstrapper=true}', contextCustomizers = set[org.springframework.boot.test.autoconfigure.OverrideAutoConfigurationContextCustomizerFactory$DisableAutoConfigurationContextCustomizer@f10012c9, org.springframework.boot.test.autoconfigure.filter.TypeExcludeFiltersContextCustomizer@351584c0, org.springframework.boot.test.autoconfigure.properties.PropertyMappingContextCustomizer@692eea5b, org.springframework.boot.test.autoconfigure.web.servlet.WebDriverContextCustomizerFactory$Customizer@c7886bd9, [ImportsContextCustomizer@4da9f0ba key = [org.springframework.boot.autoconfigure.cache.CacheAutoConfiguration, org.springframework.boot.autoconfigure.data.jpa.JpaRepositoriesAutoConfiguration, org.springframework.boot.autoconfigure.flyway.FlywayAutoConfiguration, org.springframework.boot.autoconfigure.jdbc.DataSourceAutoConfiguration, org.springframework.boot.autoconfigure.jdbc.DataSourceTransactionManagerAutoConfiguration, org.springframework.boot.autoconfigure.jdbc.JdbcTemplateAutoConfiguration, org.springframework.boot.autoconfigure.liquibase.LiquibaseAutoConfiguration, org.springframework.boot.autoconfigure.orm.jpa.HibernateJpaAutoConfiguration, org.springframework.boot.autoconfigure.transaction.TransactionAutoConfiguration, org.springframework.boot.test.autoconfigure.jdbc.TestDatabaseAutoConfiguration, org.springframework.boot.test.autoconfigure.orm.jpa.TestEntityManagerAutoConfiguration]], org.springframework.boot.test.context.filter.ExcludeFilterContextCustomizer@41ced620, org.springframework.boot.test.json.DuplicateJsonObjectContextCustomizerFactory$DuplicateJsonObjectContextCustomizer@24384587, org.springframework.boot.test.mock.mockito.MockitoContextCustomizer@0, org.springframework.boot.test.context.SpringBootTestArgs@1], contextLoader = 'org.springframework.boot.test.context.SpringBootContextLoader', parent = [null]], attributes = map[[empty]]]; transaction manager [org.springframework.orm.jpa.JpaTransactionManager@698f7e58]; rollback [true]
Hibernate: select invoiceold0_.id as id1_1_0_, invoiceold0_.erp_number as erp_numb2_1_0_, invoiceold0_.invoice_date as invoice_3_1_0_, invoiceold0_.name as name4_1_0_, invoiceold0_.total as total5_1_0_ from invoice_old invoiceold0_ where invoiceold0_.id=?
Hibernate: select invoiceold0_.id as id1_1_0_, invoiceold0_.erp_number as erp_numb2_1_0_, invoiceold0_.invoice_date as invoice_3_1_0_, invoiceold0_.name as name4_1_0_, invoiceold0_.total as total5_1_0_ from invoice_old invoiceold0_ where invoiceold0_.id=?
Hibernate: insert into invoice_old (erp_number, invoice_date, name, total, id) values (?, ?, ?, ?, ?)
Hibernate: insert into invoice_old (erp_number, invoice_date, name, total, id) values (?, ?, ?, ?, ?)
Hibernate: select invoiceold0_.id as id1_1_, invoiceold0_.erp_number as erp_numb2_1_, invoiceold0_.invoice_date as invoice_3_1_, invoiceold0_.name as name4_1_, invoiceold0_.total as total5_1_ from invoice_old invoiceold0_ where invoiceold0_.erp_number=?
Hibernate: select invoiceold0_.id as id1_1_, invoiceold0_.erp_number as erp_numb2_1_, invoiceold0_.invoice_date as invoice_3_1_, invoiceold0_.name as name4_1_, invoiceold0_.total as total5_1_ from invoice_old invoiceold0_ where invoiceold0_.erp_number=?
2020-10-16 15:37:27.894  INFO 37656 --- [    Test worker] o.s.t.c.transaction.TransactionContext   : Rolled back transaction for test: [DefaultTestContext@235c11a4 testClass = InvoiceOldRepoImplIntegrationTest, testInstance = com.lsq.realWorldApplication.repository.InvoiceOldRepoImplIntegrationTest@275c5d36, testMethod = saveInvoice@InvoiceOldRepoImplIntegrationTest, testException = [null], mergedContextConfiguration = [MergedContextConfiguration@e55bfed2 testClass = InvoiceOldRepoImplIntegrationTest, locations = '{}', classes = '{class com.lsq.realWorldApplication.repository.InvoiceRepoIntegrationTestConfig, class org.springframework.boot.autoconfigure.flyway.FlywayAutoConfiguration$FlywayConfiguration}', contextInitializerClasses = '[]', activeProfiles = '{}', propertySourceLocations = '{}', propertySourceProperties = '{org.springframework.boot.test.autoconfigure.orm.jpa.DataJpaTestContextBootstrapper=true}', contextCustomizers = set[org.springframework.boot.test.autoconfigure.OverrideAutoConfigurationContextCustomizerFactory$DisableAutoConfigurationContextCustomizer@f10012c9, org.springframework.boot.test.autoconfigure.filter.TypeExcludeFiltersContextCustomizer@351584c0, org.springframework.boot.test.autoconfigure.properties.PropertyMappingContextCustomizer@692eea5b, org.springframework.boot.test.autoconfigure.web.servlet.WebDriverContextCustomizerFactory$Customizer@c7886bd9, [ImportsContextCustomizer@4da9f0ba key = [org.springframework.boot.autoconfigure.cache.CacheAutoConfiguration, org.springframework.boot.autoconfigure.data.jpa.JpaRepositoriesAutoConfiguration, org.springframework.boot.autoconfigure.flyway.FlywayAutoConfiguration, org.springframework.boot.autoconfigure.jdbc.DataSourceAutoConfiguration, org.springframework.boot.autoconfigure.jdbc.DataSourceTransactionManagerAutoConfiguration, org.springframework.boot.autoconfigure.jdbc.JdbcTemplateAutoConfiguration, org.springframework.boot.autoconfigure.liquibase.LiquibaseAutoConfiguration, org.springframework.boot.autoconfigure.orm.jpa.HibernateJpaAutoConfiguration, org.springframework.boot.autoconfigure.transaction.TransactionAutoConfiguration, org.springframework.boot.test.autoconfigure.jdbc.TestDatabaseAutoConfiguration, org.springframework.boot.test.autoconfigure.orm.jpa.TestEntityManagerAutoConfiguration]], org.springframework.boot.test.context.filter.ExcludeFilterContextCustomizer@41ced620, org.springframework.boot.test.json.DuplicateJsonObjectContextCustomizerFactory$DuplicateJsonObjectContextCustomizer@24384587, org.springframework.boot.test.mock.mockito.MockitoContextCustomizer@0, org.springframework.boot.test.context.SpringBootTestArgs@1], contextLoader = 'org.springframework.boot.test.context.SpringBootContextLoader', parent = [null]], attributes = map[[empty]]]
2020-10-16 15:37:27.899  INFO 37656 --- [    Test worker] o.s.t.c.transaction.TransactionContext   : Began transaction (1) for test context [DefaultTestContext@235c11a4 testClass = InvoiceOldRepoImplIntegrationTest, testInstance = com.lsq.realWorldApplication.repository.InvoiceOldRepoImplIntegrationTest@8346bbf2, testMethod = loadInvoice@InvoiceOldRepoImplIntegrationTest, testException = [null], mergedContextConfiguration = [MergedContextConfiguration@e55bfed2 testClass = InvoiceOldRepoImplIntegrationTest, locations = '{}', classes = '{class com.lsq.realWorldApplication.repository.InvoiceRepoIntegrationTestConfig, class org.springframework.boot.autoconfigure.flyway.FlywayAutoConfiguration$FlywayConfiguration}', contextInitializerClasses = '[]', activeProfiles = '{}', propertySourceLocations = '{}', propertySourceProperties = '{org.springframework.boot.test.autoconfigure.orm.jpa.DataJpaTestContextBootstrapper=true}', contextCustomizers = set[org.springframework.boot.test.autoconfigure.OverrideAutoConfigurationContextCustomizerFactory$DisableAutoConfigurationContextCustomizer@f10012c9, org.springframework.boot.test.autoconfigure.filter.TypeExcludeFiltersContextCustomizer@351584c0, org.springframework.boot.test.autoconfigure.properties.PropertyMappingContextCustomizer@692eea5b, org.springframework.boot.test.autoconfigure.web.servlet.WebDriverContextCustomizerFactory$Customizer@c7886bd9, [ImportsContextCustomizer@4da9f0ba key = [org.springframework.boot.autoconfigure.cache.CacheAutoConfiguration, org.springframework.boot.autoconfigure.data.jpa.JpaRepositoriesAutoConfiguration, org.springframework.boot.autoconfigure.flyway.FlywayAutoConfiguration, org.springframework.boot.autoconfigure.jdbc.DataSourceAutoConfiguration, org.springframework.boot.autoconfigure.jdbc.DataSourceTransactionManagerAutoConfiguration, org.springframework.boot.autoconfigure.jdbc.JdbcTemplateAutoConfiguration, org.springframework.boot.autoconfigure.liquibase.LiquibaseAutoConfiguration, org.springframework.boot.autoconfigure.orm.jpa.HibernateJpaAutoConfiguration, org.springframework.boot.autoconfigure.transaction.TransactionAutoConfiguration, org.springframework.boot.test.autoconfigure.jdbc.TestDatabaseAutoConfiguration, org.springframework.boot.test.autoconfigure.orm.jpa.TestEntityManagerAutoConfiguration]], org.springframework.boot.test.context.filter.ExcludeFilterContextCustomizer@41ced620, org.springframework.boot.test.json.DuplicateJsonObjectContextCustomizerFactory$DuplicateJsonObjectContextCustomizer@24384587, org.springframework.boot.test.mock.mockito.MockitoContextCustomizer@0, org.springframework.boot.test.context.SpringBootTestArgs@1], contextLoader = 'org.springframework.boot.test.context.SpringBootContextLoader', parent = [null]], attributes = map[[empty]]]; transaction manager [org.springframework.orm.jpa.JpaTransactionManager@698f7e58]; rollback [true]
2020-10-16 15:37:27.902  INFO 37656 --- [    Test worker] o.s.t.c.transaction.TransactionContext   : Rolled back transaction for test: [DefaultTestContext@235c11a4 testClass = InvoiceOldRepoImplIntegrationTest, testInstance = com.lsq.realWorldApplication.repository.InvoiceOldRepoImplIntegrationTest@8346bbf2, testMethod = loadInvoice@InvoiceOldRepoImplIntegrationTest, testException = [null], mergedContextConfiguration = [MergedContextConfiguration@e55bfed2 testClass = InvoiceOldRepoImplIntegrationTest, locations = '{}', classes = '{class com.lsq.realWorldApplication.repository.InvoiceRepoIntegrationTestConfig, class org.springframework.boot.autoconfigure.flyway.FlywayAutoConfiguration$FlywayConfiguration}', contextInitializerClasses = '[]', activeProfiles = '{}', propertySourceLocations = '{}', propertySourceProperties = '{org.springframework.boot.test.autoconfigure.orm.jpa.DataJpaTestContextBootstrapper=true}', contextCustomizers = set[org.springframework.boot.test.autoconfigure.OverrideAutoConfigurationContextCustomizerFactory$DisableAutoConfigurationContextCustomizer@f10012c9, org.springframework.boot.test.autoconfigure.filter.TypeExcludeFiltersContextCustomizer@351584c0, org.springframework.boot.test.autoconfigure.properties.PropertyMappingContextCustomizer@692eea5b, org.springframework.boot.test.autoconfigure.web.servlet.WebDriverContextCustomizerFactory$Customizer@c7886bd9, [ImportsContextCustomizer@4da9f0ba key = [org.springframework.boot.autoconfigure.cache.CacheAutoConfiguration, org.springframework.boot.autoconfigure.data.jpa.JpaRepositoriesAutoConfiguration, org.springframework.boot.autoconfigure.flyway.FlywayAutoConfiguration, org.springframework.boot.autoconfigure.jdbc.DataSourceAutoConfiguration, org.springframework.boot.autoconfigure.jdbc.DataSourceTransactionManagerAutoConfiguration, org.springframework.boot.autoconfigure.jdbc.JdbcTemplateAutoConfiguration, org.springframework.boot.autoconfigure.liquibase.LiquibaseAutoConfiguration, org.springframework.boot.autoconfigure.orm.jpa.HibernateJpaAutoConfiguration, org.springframework.boot.autoconfigure.transaction.TransactionAutoConfiguration, org.springframework.boot.test.autoconfigure.jdbc.TestDatabaseAutoConfiguration, org.springframework.boot.test.autoconfigure.orm.jpa.TestEntityManagerAutoConfiguration]], org.springframework.boot.test.context.filter.ExcludeFilterContextCustomizer@41ced620, org.springframework.boot.test.json.DuplicateJsonObjectContextCustomizerFactory$DuplicateJsonObjectContextCustomizer@24384587, org.springframework.boot.test.mock.mockito.MockitoContextCustomizer@0, org.springframework.boot.test.context.SpringBootTestArgs@1], contextLoader = 'org.springframework.boot.test.context.SpringBootContextLoader', parent = [null]], attributes = map[[empty]]]
]]></system-out>
  <system-err><![CDATA[]]></system-err>
</testsuite>
