<?xml version="1.0" encoding="UTF-8"?>
<testsuite name="com.lsq.realWorldApplication.controller.InvoiceControllerTest" tests="3" skipped="0" failures="0" errors="0" timestamp="2020-10-16T21:37:28" hostname="iMac.local" time="0.091">
  <properties/>
  <testcase name="testDigestInvoiceCsv_bad()" classname="com.lsq.realWorldApplication.controller.InvoiceControllerTest" time="0.087"/>
  <testcase name="saveInvoice()" classname="com.lsq.realWorldApplication.controller.InvoiceControllerTest" time="0.001"/>
  <testcase name="testDigestInvoiceCsv_happy()" classname="com.lsq.realWorldApplication.controller.InvoiceControllerTest" time="0.001"/>
  <system-out><![CDATA[]]></system-out>
  <system-err><![CDATA[]]></system-err>
</testsuite>
